{"C:\\Users\\manso\\expense-tracker\\server\\routes\\analytics.js": {"path":"C:\\Users\\manso\\expense-tracker\\server\\routes\\analytics.js","statementMap":{"0":{"start":{"line":1,"column":16},"end":{"line":1,"column":34}},"1":{"start":{"line":2,"column":15},"end":{"line":2,"column":31}},"2":{"start":{"line":3,"column":25},"end":{"line":3,"column":50}},"3":{"start":{"line":4,"column":23},"end":{"line":4,"column":51}},"4":{"start":{"line":7,"column":15},"end":{"line":7,"column":33}},"5":{"start":{"line":10,"column":0},"end":{"line":10,"column":27}},"6":{"start":{"line":13,"column":0},"end":{"line":54,"column":3}},"7":{"start":{"line":14,"column":2},"end":{"line":53,"column":3}},"8":{"start":{"line":15,"column":24},"end":{"line":15,"column":34}},"9":{"start":{"line":16,"column":25},"end":{"line":16,"column":87}},"10":{"start":{"line":18,"column":25},"end":{"line":23,"column":6}},"11":{"start":{"line":26,"column":24},"end":{"line":26,"column":26}},"12":{"start":{"line":27,"column":4},"end":{"line":41,"column":7}},"13":{"start":{"line":28,"column":23},"end":{"line":28,"column":46}},"14":{"start":{"line":29,"column":6},"end":{"line":31,"column":7}},"15":{"start":{"line":30,"column":8},"end":{"line":30,"column":34}},"16":{"start":{"line":33,"column":21},"end":{"line":33,"column":46}},"17":{"start":{"line":34,"column":6},"end":{"line":40,"column":7}},"18":{"start":{"line":36,"column":8},"end":{"line":36,"column":50}},"19":{"start":{"line":39,"column":8},"end":{"line":39,"column":40}},"20":{"start":{"line":44,"column":27},"end":{"line":47,"column":7}},"21":{"start":{"line":44,"column":83},"end":{"line":47,"column":5}},"22":{"start":{"line":49,"column":4},"end":{"line":49,"column":29}},"23":{"start":{"line":51,"column":4},"end":{"line":51,"column":60}},"24":{"start":{"line":52,"column":4},"end":{"line":52,"column":71}},"25":{"start":{"line":57,"column":0},"end":{"line":94,"column":3}},"26":{"start":{"line":58,"column":2},"end":{"line":93,"column":3}},"27":{"start":{"line":59,"column":24},"end":{"line":59,"column":34}},"28":{"start":{"line":60,"column":25},"end":{"line":60,"column":87}},"29":{"start":{"line":62,"column":25},"end":{"line":67,"column":6}},"30":{"start":{"line":70,"column":17},"end":{"line":70,"column":18}},"31":{"start":{"line":71,"column":18},"end":{"line":71,"column":19}},"32":{"start":{"line":73,"column":4},"end":{"line":80,"column":7}},"33":{"start":{"line":74,"column":21},"end":{"line":74,"column":46}},"34":{"start":{"line":75,"column":6},"end":{"line":79,"column":7}},"35":{"start":{"line":76,"column":8},"end":{"line":76,"column":36}},"36":{"start":{"line":78,"column":8},"end":{"line":78,"column":25}},"37":{"start":{"line":82,"column":20},"end":{"line":82,"column":36}},"38":{"start":{"line":84,"column":4},"end":{"line":89,"column":7}},"39":{"start":{"line":91,"column":4},"end":{"line":91,"column":60}},"40":{"start":{"line":92,"column":4},"end":{"line":92,"column":71}},"41":{"start":{"line":96,"column":0},"end":{"line":96,"column":24}}},"fnMap":{"0":{"name":"(anonymous_0)","decl":{"start":{"line":13,"column":31},"end":{"line":13,"column":32}},"loc":{"start":{"line":13,"column":51},"end":{"line":54,"column":1}},"line":13},"1":{"name":"(anonymous_1)","decl":{"start":{"line":27,"column":25},"end":{"line":27,"column":26}},"loc":{"start":{"line":27,"column":30},"end":{"line":41,"column":5}},"line":27},"2":{"name":"(anonymous_2)","decl":{"start":{"line":44,"column":59},"end":{"line":44,"column":60}},"loc":{"start":{"line":44,"column":83},"end":{"line":47,"column":5}},"line":44},"3":{"name":"(anonymous_3)","decl":{"start":{"line":57,"column":31},"end":{"line":57,"column":32}},"loc":{"start":{"line":57,"column":51},"end":{"line":94,"column":1}},"line":57},"4":{"name":"(anonymous_4)","decl":{"start":{"line":73,"column":25},"end":{"line":73,"column":26}},"loc":{"start":{"line":73,"column":30},"end":{"line":80,"column":5}},"line":73}},"branchMap":{"0":{"loc":{"start":{"line":28,"column":23},"end":{"line":28,"column":46}},"type":"binary-expr","locations":[{"start":{"line":28,"column":23},"end":{"line":28,"column":33}},{"start":{"line":28,"column":37},"end":{"line":28,"column":46}}],"line":28},"1":{"loc":{"start":{"line":29,"column":6},"end":{"line":31,"column":7}},"type":"if","locations":[{"start":{"line":29,"column":6},"end":{"line":31,"column":7}},{"start":{},"end":{}}],"line":29},"2":{"loc":{"start":{"line":33,"column":21},"end":{"line":33,"column":46}},"type":"binary-expr","locations":[{"start":{"line":33,"column":21},"end":{"line":33,"column":41}},{"start":{"line":33,"column":45},"end":{"line":33,"column":46}}],"line":33},"3":{"loc":{"start":{"line":34,"column":6},"end":{"line":40,"column":7}},"type":"if","locations":[{"start":{"line":34,"column":6},"end":{"line":40,"column":7}},{"start":{"line":37,"column":13},"end":{"line":40,"column":7}}],"line":34},"4":{"loc":{"start":{"line":74,"column":21},"end":{"line":74,"column":46}},"type":"binary-expr","locations":[{"start":{"line":74,"column":21},"end":{"line":74,"column":41}},{"start":{"line":74,"column":45},"end":{"line":74,"column":46}}],"line":74},"5":{"loc":{"start":{"line":75,"column":6},"end":{"line":79,"column":7}},"type":"if","locations":[{"start":{"line":75,"column":6},"end":{"line":79,"column":7}},{"start":{"line":77,"column":13},"end":{"line":79,"column":7}}],"line":75}},"s":{"0":0,"1":0,"2":0,"3":0,"4":0,"5":0,"6":0,"7":0,"8":0,"9":0,"10":0,"11":0,"12":0,"13":0,"14":0,"15":0,"16":0,"17":0,"18":0,"19":0,"20":0,"21":0,"22":0,"23":0,"24":0,"25":0,"26":0,"27":0,"28":0,"29":0,"30":0,"31":0,"32":0,"33":0,"34":0,"35":0,"36":0,"37":0,"38":0,"39":0,"40":0,"41":0},"f":{"0":0,"1":0,"2":0,"3":0,"4":0},"b":{"0":[0,0],"1":[0,0],"2":[0,0],"3":[0,0],"4":[0,0],"5":[0,0]}}
,"C:\\Users\\manso\\expense-tracker\\server\\routes\\auth.js": {"path":"C:\\Users\\manso\\expense-tracker\\server\\routes\\auth.js","statementMap":{"0":{"start":{"line":1,"column":16},"end":{"line":1,"column":34}},"1":{"start":{"line":2,"column":15},"end":{"line":2,"column":34}},"2":{"start":{"line":3,"column":12},"end":{"line":3,"column":35}},"3":{"start":{"line":4,"column":15},"end":{"line":4,"column":32}},"4":{"start":{"line":5,"column":25},"end":{"line":5,"column":50}},"5":{"start":{"line":6,"column":13},"end":{"line":6,"column":28}},"6":{"start":{"line":7,"column":53},"end":{"line":7,"column":88}},"7":{"start":{"line":9,"column":15},"end":{"line":9,"column":31}},"8":{"start":{"line":12,"column":15},"end":{"line":12,"column":33}},"9":{"start":{"line":15,"column":0},"end":{"line":97,"column":3}},"10":{"start":{"line":16,"column":2},"end":{"line":96,"column":3}},"11":{"start":{"line":17,"column":38},"end":{"line":17,"column":46}},"12":{"start":{"line":19,"column":4},"end":{"line":19,"column":125}},"13":{"start":{"line":22,"column":4},"end":{"line":25,"column":5}},"14":{"start":{"line":23,"column":6},"end":{"line":23,"column":57}},"15":{"start":{"line":24,"column":6},"end":{"line":24,"column":140}},"16":{"start":{"line":28,"column":4},"end":{"line":31,"column":5}},"17":{"start":{"line":29,"column":6},"end":{"line":29,"column":61}},"18":{"start":{"line":30,"column":6},"end":{"line":30,"column":89}},"19":{"start":{"line":32,"column":4},"end":{"line":35,"column":5}},"20":{"start":{"line":33,"column":6},"end":{"line":33,"column":62}},"21":{"start":{"line":34,"column":6},"end":{"line":34,"column":106}},"22":{"start":{"line":36,"column":4},"end":{"line":39,"column":5}},"23":{"start":{"line":37,"column":6},"end":{"line":37,"column":62}},"24":{"start":{"line":38,"column":6},"end":{"line":38,"column":106}},"25":{"start":{"line":40,"column":4},"end":{"line":43,"column":5}},"26":{"start":{"line":41,"column":6},"end":{"line":41,"column":52}},"27":{"start":{"line":42,"column":6},"end":{"line":42,"column":96}},"28":{"start":{"line":44,"column":4},"end":{"line":47,"column":5}},"29":{"start":{"line":45,"column":6},"end":{"line":45,"column":63}},"30":{"start":{"line":46,"column":6},"end":{"line":46,"column":118}},"31":{"start":{"line":49,"column":4},"end":{"line":49,"column":77}},"32":{"start":{"line":52,"column":25},"end":{"line":54,"column":6}},"33":{"start":{"line":56,"column":4},"end":{"line":59,"column":5}},"34":{"start":{"line":57,"column":6},"end":{"line":57,"column":62}},"35":{"start":{"line":58,"column":6},"end":{"line":58,"column":86}},"36":{"start":{"line":62,"column":27},"end":{"line":62,"column":58}},"37":{"start":{"line":65,"column":17},"end":{"line":71,"column":6}},"38":{"start":{"line":74,"column":4},"end":{"line":74,"column":50}},"39":{"start":{"line":77,"column":18},"end":{"line":81,"column":5}},"40":{"start":{"line":83,"column":4},"end":{"line":92,"column":7}},"41":{"start":{"line":94,"column":4},"end":{"line":94,"column":48}},"42":{"start":{"line":95,"column":4},"end":{"line":95,"column":63}},"43":{"start":{"line":100,"column":0},"end":{"line":139,"column":3}},"44":{"start":{"line":101,"column":2},"end":{"line":138,"column":3}},"45":{"start":{"line":102,"column":32},"end":{"line":102,"column":40}},"46":{"start":{"line":105,"column":17},"end":{"line":107,"column":6}},"47":{"start":{"line":109,"column":4},"end":{"line":111,"column":5}},"48":{"start":{"line":110,"column":6},"end":{"line":110,"column":68}},"49":{"start":{"line":114,"column":28},"end":{"line":114,"column":73}},"50":{"start":{"line":115,"column":4},"end":{"line":117,"column":5}},"51":{"start":{"line":116,"column":6},"end":{"line":116,"column":68}},"52":{"start":{"line":120,"column":18},"end":{"line":124,"column":5}},"53":{"start":{"line":126,"column":4},"end":{"line":134,"column":7}},"54":{"start":{"line":136,"column":4},"end":{"line":136,"column":41}},"55":{"start":{"line":137,"column":4},"end":{"line":137,"column":61}},"56":{"start":{"line":142,"column":0},"end":{"line":185,"column":3}},"57":{"start":{"line":143,"column":2},"end":{"line":184,"column":3}},"58":{"start":{"line":144,"column":22},"end":{"line":144,"column":30}},"59":{"start":{"line":146,"column":4},"end":{"line":148,"column":5}},"60":{"start":{"line":147,"column":6},"end":{"line":147,"column":68}},"61":{"start":{"line":151,"column":17},"end":{"line":153,"column":6}},"62":{"start":{"line":155,"column":4},"end":{"line":158,"column":5}},"63":{"start":{"line":157,"column":6},"end":{"line":157,"column":113}},"64":{"start":{"line":161,"column":23},"end":{"line":161,"column":61}},"65":{"start":{"line":162,"column":29},"end":{"line":162,"column":59}},"66":{"start":{"line":165,"column":4},"end":{"line":171,"column":7}},"67":{"start":{"line":174,"column":22},"end":{"line":174,"column":80}},"68":{"start":{"line":175,"column":4},"end":{"line":175,"column":60}},"69":{"start":{"line":176,"column":4},"end":{"line":176,"column":50}},"70":{"start":{"line":177,"column":4},"end":{"line":177,"column":27}},"71":{"start":{"line":178,"column":4},"end":{"line":178,"column":60}},"72":{"start":{"line":180,"column":4},"end":{"line":180,"column":104}},"73":{"start":{"line":182,"column":4},"end":{"line":182,"column":51}},"74":{"start":{"line":183,"column":4},"end":{"line":183,"column":63}},"75":{"start":{"line":188,"column":0},"end":{"line":245,"column":3}},"76":{"start":{"line":189,"column":2},"end":{"line":244,"column":3}},"77":{"start":{"line":190,"column":35},"end":{"line":190,"column":43}},"78":{"start":{"line":192,"column":4},"end":{"line":194,"column":5}},"79":{"start":{"line":193,"column":6},"end":{"line":193,"column":86}},"80":{"start":{"line":197,"column":4},"end":{"line":199,"column":5}},"81":{"start":{"line":198,"column":6},"end":{"line":198,"column":89}},"82":{"start":{"line":200,"column":4},"end":{"line":202,"column":5}},"83":{"start":{"line":201,"column":6},"end":{"line":201,"column":106}},"84":{"start":{"line":203,"column":4},"end":{"line":205,"column":5}},"85":{"start":{"line":204,"column":6},"end":{"line":204,"column":106}},"86":{"start":{"line":206,"column":4},"end":{"line":208,"column":5}},"87":{"start":{"line":207,"column":6},"end":{"line":207,"column":96}},"88":{"start":{"line":209,"column":4},"end":{"line":211,"column":5}},"89":{"start":{"line":210,"column":6},"end":{"line":210,"column":118}},"90":{"start":{"line":214,"column":17},"end":{"line":221,"column":6}},"91":{"start":{"line":223,"column":4},"end":{"line":225,"column":5}},"92":{"start":{"line":224,"column":6},"end":{"line":224,"column":75}},"93":{"start":{"line":228,"column":27},"end":{"line":228,"column":61}},"94":{"start":{"line":231,"column":4},"end":{"line":238,"column":7}},"95":{"start":{"line":240,"column":4},"end":{"line":240,"column":66}},"96":{"start":{"line":242,"column":4},"end":{"line":242,"column":50}},"97":{"start":{"line":243,"column":4},"end":{"line":243,"column":63}},"98":{"start":{"line":247,"column":0},"end":{"line":247,"column":24}}},"fnMap":{"0":{"name":"(anonymous_0)","decl":{"start":{"line":15,"column":25},"end":{"line":15,"column":26}},"loc":{"start":{"line":15,"column":45},"end":{"line":97,"column":1}},"line":15},"1":{"name":"(anonymous_1)","decl":{"start":{"line":100,"column":22},"end":{"line":100,"column":23}},"loc":{"start":{"line":100,"column":42},"end":{"line":139,"column":1}},"line":100},"2":{"name":"(anonymous_2)","decl":{"start":{"line":142,"column":32},"end":{"line":142,"column":33}},"loc":{"start":{"line":142,"column":52},"end":{"line":185,"column":1}},"line":142},"3":{"name":"(anonymous_3)","decl":{"start":{"line":188,"column":31},"end":{"line":188,"column":32}},"loc":{"start":{"line":188,"column":51},"end":{"line":245,"column":1}},"line":188}},"branchMap":{"0":{"loc":{"start":{"line":19,"column":56},"end":{"line":19,"column":81}},"type":"cond-expr","locations":[{"start":{"line":19,"column":64},"end":{"line":19,"column":69}},{"start":{"line":19,"column":72},"end":{"line":19,"column":81}}],"line":19},"1":{"loc":{"start":{"line":19,"column":93},"end":{"line":19,"column":121}},"type":"cond-expr","locations":[{"start":{"line":19,"column":104},"end":{"line":19,"column":109}},{"start":{"line":19,"column":112},"end":{"line":19,"column":121}}],"line":19},"2":{"loc":{"start":{"line":22,"column":4},"end":{"line":25,"column":5}},"type":"if","locations":[{"start":{"line":22,"column":4},"end":{"line":25,"column":5}},{"start":{},"end":{}}],"line":22},"3":{"loc":{"start":{"line":22,"column":8},"end":{"line":22,"column":36}},"type":"binary-expr","locations":[{"start":{"line":22,"column":8},"end":{"line":22,"column":13}},{"start":{"line":22,"column":17},"end":{"line":22,"column":23}},{"start":{"line":22,"column":27},"end":{"line":22,"column":36}}],"line":22},"4":{"loc":{"start":{"line":28,"column":4},"end":{"line":31,"column":5}},"type":"if","locations":[{"start":{"line":28,"column":4},"end":{"line":31,"column":5}},{"start":{},"end":{}}],"line":28},"5":{"loc":{"start":{"line":32,"column":4},"end":{"line":35,"column":5}},"type":"if","locations":[{"start":{"line":32,"column":4},"end":{"line":35,"column":5}},{"start":{},"end":{}}],"line":32},"6":{"loc":{"start":{"line":36,"column":4},"end":{"line":39,"column":5}},"type":"if","locations":[{"start":{"line":36,"column":4},"end":{"line":39,"column":5}},{"start":{},"end":{}}],"line":36},"7":{"loc":{"start":{"line":40,"column":4},"end":{"line":43,"column":5}},"type":"if","locations":[{"start":{"line":40,"column":4},"end":{"line":43,"column":5}},{"start":{},"end":{}}],"line":40},"8":{"loc":{"start":{"line":44,"column":4},"end":{"line":47,"column":5}},"type":"if","locations":[{"start":{"line":44,"column":4},"end":{"line":47,"column":5}},{"start":{},"end":{}}],"line":44},"9":{"loc":{"start":{"line":56,"column":4},"end":{"line":59,"column":5}},"type":"if","locations":[{"start":{"line":56,"column":4},"end":{"line":59,"column":5}},{"start":{},"end":{}}],"line":56},"10":{"loc":{"start":{"line":79,"column":6},"end":{"line":79,"column":49}},"type":"binary-expr","locations":[{"start":{"line":79,"column":6},"end":{"line":79,"column":28}},{"start":{"line":79,"column":32},"end":{"line":79,"column":49}}],"line":79},"11":{"loc":{"start":{"line":109,"column":4},"end":{"line":111,"column":5}},"type":"if","locations":[{"start":{"line":109,"column":4},"end":{"line":111,"column":5}},{"start":{},"end":{}}],"line":109},"12":{"loc":{"start":{"line":115,"column":4},"end":{"line":117,"column":5}},"type":"if","locations":[{"start":{"line":115,"column":4},"end":{"line":117,"column":5}},{"start":{},"end":{}}],"line":115},"13":{"loc":{"start":{"line":122,"column":6},"end":{"line":122,"column":49}},"type":"binary-expr","locations":[{"start":{"line":122,"column":6},"end":{"line":122,"column":28}},{"start":{"line":122,"column":32},"end":{"line":122,"column":49}}],"line":122},"14":{"loc":{"start":{"line":146,"column":4},"end":{"line":148,"column":5}},"type":"if","locations":[{"start":{"line":146,"column":4},"end":{"line":148,"column":5}},{"start":{},"end":{}}],"line":146},"15":{"loc":{"start":{"line":155,"column":4},"end":{"line":158,"column":5}},"type":"if","locations":[{"start":{"line":155,"column":4},"end":{"line":158,"column":5}},{"start":{},"end":{}}],"line":155},"16":{"loc":{"start":{"line":192,"column":4},"end":{"line":194,"column":5}},"type":"if","locations":[{"start":{"line":192,"column":4},"end":{"line":194,"column":5}},{"start":{},"end":{}}],"line":192},"17":{"loc":{"start":{"line":192,"column":8},"end":{"line":192,"column":30}},"type":"binary-expr","locations":[{"start":{"line":192,"column":8},"end":{"line":192,"column":14}},{"start":{"line":192,"column":18},"end":{"line":192,"column":30}}],"line":192},"18":{"loc":{"start":{"line":197,"column":4},"end":{"line":199,"column":5}},"type":"if","locations":[{"start":{"line":197,"column":4},"end":{"line":199,"column":5}},{"start":{},"end":{}}],"line":197},"19":{"loc":{"start":{"line":200,"column":4},"end":{"line":202,"column":5}},"type":"if","locations":[{"start":{"line":200,"column":4},"end":{"line":202,"column":5}},{"start":{},"end":{}}],"line":200},"20":{"loc":{"start":{"line":203,"column":4},"end":{"line":205,"column":5}},"type":"if","locations":[{"start":{"line":203,"column":4},"end":{"line":205,"column":5}},{"start":{},"end":{}}],"line":203},"21":{"loc":{"start":{"line":206,"column":4},"end":{"line":208,"column":5}},"type":"if","locations":[{"start":{"line":206,"column":4},"end":{"line":208,"column":5}},{"start":{},"end":{}}],"line":206},"22":{"loc":{"start":{"line":209,"column":4},"end":{"line":211,"column":5}},"type":"if","locations":[{"start":{"line":209,"column":4},"end":{"line":211,"column":5}},{"start":{},"end":{}}],"line":209},"23":{"loc":{"start":{"line":223,"column":4},"end":{"line":225,"column":5}},"type":"if","locations":[{"start":{"line":223,"column":4},"end":{"line":225,"column":5}},{"start":{},"end":{}}],"line":223}},"s":{"0":0,"1":0,"2":0,"3":0,"4":0,"5":0,"6":0,"7":0,"8":0,"9":0,"10":0,"11":0,"12":0,"13":0,"14":0,"15":0,"16":0,"17":0,"18":0,"19":0,"20":0,"21":0,"22":0,"23":0,"24":0,"25":0,"26":0,"27":0,"28":0,"29":0,"30":0,"31":0,"32":0,"33":0,"34":0,"35":0,"36":0,"37":0,"38":0,"39":0,"40":0,"41":0,"42":0,"43":0,"44":0,"45":0,"46":0,"47":0,"48":0,"49":0,"50":0,"51":0,"52":0,"53":0,"54":0,"55":0,"56":0,"57":0,"58":0,"59":0,"60":0,"61":0,"62":0,"63":0,"64":0,"65":0,"66":0,"67":0,"68":0,"69":0,"70":0,"71":0,"72":0,"73":0,"74":0,"75":0,"76":0,"77":0,"78":0,"79":0,"80":0,"81":0,"82":0,"83":0,"84":0,"85":0,"86":0,"87":0,"88":0,"89":0,"90":0,"91":0,"92":0,"93":0,"94":0,"95":0,"96":0,"97":0,"98":0},"f":{"0":0,"1":0,"2":0,"3":0},"b":{"0":[0,0],"1":[0,0],"2":[0,0],"3":[0,0,0],"4":[0,0],"5":[0,0],"6":[0,0],"7":[0,0],"8":[0,0],"9":[0,0],"10":[0,0],"11":[0,0],"12":[0,0],"13":[0,0],"14":[0,0],"15":[0,0],"16":[0,0],"17":[0,0],"18":[0,0],"19":[0,0],"20":[0,0],"21":[0,0],"22":[0,0],"23":[0,0]}}
,"C:\\Users\\manso\\expense-tracker\\server\\routes\\budgets.js": {"path":"C:\\Users\\manso\\expense-tracker\\server\\routes\\budgets.js","statementMap":{"0":{"start":{"line":1,"column":16},"end":{"line":1,"column":34}},"1":{"start":{"line":2,"column":15},"end":{"line":2,"column":31}},"2":{"start":{"line":3,"column":25},"end":{"line":3,"column":50}},"3":{"start":{"line":4,"column":23},"end":{"line":4,"column":51}},"4":{"start":{"line":7,"column":15},"end":{"line":7,"column":33}},"5":{"start":{"line":10,"column":0},"end":{"line":10,"column":27}},"6":{"start":{"line":13,"column":0},"end":{"line":32,"column":3}},"7":{"start":{"line":14,"column":2},"end":{"line":31,"column":3}},"8":{"start":{"line":15,"column":24},"end":{"line":15,"column":34}},"9":{"start":{"line":16,"column":18},"end":{"line":16,"column":40}},"10":{"start":{"line":17,"column":17},"end":{"line":17,"column":42}},"11":{"start":{"line":19,"column":20},"end":{"line":25,"column":6}},"12":{"start":{"line":27,"column":4},"end":{"line":27,"column":22}},"13":{"start":{"line":29,"column":4},"end":{"line":29,"column":52}},"14":{"start":{"line":30,"column":4},"end":{"line":30,"column":63}},"15":{"start":{"line":35,"column":0},"end":{"line":77,"column":3}},"16":{"start":{"line":36,"column":2},"end":{"line":76,"column":3}},"17":{"start":{"line":37,"column":32},"end":{"line":37,"column":40}},"18":{"start":{"line":38,"column":24},"end":{"line":38,"column":34}},"19":{"start":{"line":39,"column":18},"end":{"line":39,"column":40}},"20":{"start":{"line":40,"column":17},"end":{"line":40,"column":42}},"21":{"start":{"line":43,"column":21},"end":{"line":50,"column":6}},"22":{"start":{"line":52,"column":4},"end":{"line":59,"column":5}},"23":{"start":{"line":54,"column":21},"end":{"line":57,"column":8}},"24":{"start":{"line":58,"column":6},"end":{"line":58,"column":30}},"25":{"start":{"line":62,"column":19},"end":{"line":70,"column":6}},"26":{"start":{"line":72,"column":4},"end":{"line":72,"column":33}},"27":{"start":{"line":74,"column":4},"end":{"line":74,"column":51}},"28":{"start":{"line":75,"column":4},"end":{"line":75,"column":63}},"29":{"start":{"line":80,"column":0},"end":{"line":98,"column":3}},"30":{"start":{"line":81,"column":2},"end":{"line":97,"column":3}},"31":{"start":{"line":82,"column":19},"end":{"line":82,"column":29}},"32":{"start":{"line":83,"column":22},"end":{"line":83,"column":30}},"33":{"start":{"line":85,"column":19},"end":{"line":91,"column":6}},"34":{"start":{"line":93,"column":4},"end":{"line":93,"column":21}},"35":{"start":{"line":95,"column":4},"end":{"line":95,"column":51}},"36":{"start":{"line":96,"column":4},"end":{"line":96,"column":63}},"37":{"start":{"line":101,"column":0},"end":{"line":117,"column":3}},"38":{"start":{"line":102,"column":2},"end":{"line":116,"column":3}},"39":{"start":{"line":103,"column":19},"end":{"line":103,"column":29}},"40":{"start":{"line":105,"column":4},"end":{"line":110,"column":7}},"41":{"start":{"line":112,"column":4},"end":{"line":112,"column":44}},"42":{"start":{"line":114,"column":4},"end":{"line":114,"column":51}},"43":{"start":{"line":115,"column":4},"end":{"line":115,"column":63}},"44":{"start":{"line":119,"column":0},"end":{"line":119,"column":24}}},"fnMap":{"0":{"name":"(anonymous_0)","decl":{"start":{"line":13,"column":16},"end":{"line":13,"column":17}},"loc":{"start":{"line":13,"column":36},"end":{"line":32,"column":1}},"line":13},"1":{"name":"(anonymous_1)","decl":{"start":{"line":35,"column":17},"end":{"line":35,"column":18}},"loc":{"start":{"line":35,"column":37},"end":{"line":77,"column":1}},"line":35},"2":{"name":"(anonymous_2)","decl":{"start":{"line":80,"column":19},"end":{"line":80,"column":20}},"loc":{"start":{"line":80,"column":39},"end":{"line":98,"column":1}},"line":80},"3":{"name":"(anonymous_3)","decl":{"start":{"line":101,"column":22},"end":{"line":101,"column":23}},"loc":{"start":{"line":101,"column":42},"end":{"line":117,"column":1}},"line":101}},"branchMap":{"0":{"loc":{"start":{"line":52,"column":4},"end":{"line":59,"column":5}},"type":"if","locations":[{"start":{"line":52,"column":4},"end":{"line":59,"column":5}},{"start":{},"end":{}}],"line":52}},"s":{"0":0,"1":0,"2":0,"3":0,"4":0,"5":0,"6":0,"7":0,"8":0,"9":0,"10":0,"11":0,"12":0,"13":0,"14":0,"15":0,"16":0,"17":0,"18":0,"19":0,"20":0,"21":0,"22":0,"23":0,"24":0,"25":0,"26":0,"27":0,"28":0,"29":0,"30":0,"31":0,"32":0,"33":0,"34":0,"35":0,"36":0,"37":0,"38":0,"39":0,"40":0,"41":0,"42":0,"43":0,"44":0},"f":{"0":0,"1":0,"2":0,"3":0},"b":{"0":[0,0]}}
,"C:\\Users\\manso\\expense-tracker\\server\\routes\\transactions.js": {"path":"C:\\Users\\manso\\expense-tracker\\server\\routes\\transactions.js","statementMap":{"0":{"start":{"line":1,"column":16},"end":{"line":1,"column":34}},"1":{"start":{"line":2,"column":15},"end":{"line":2,"column":31}},"2":{"start":{"line":3,"column":25},"end":{"line":3,"column":50}},"3":{"start":{"line":4,"column":23},"end":{"line":4,"column":51}},"4":{"start":{"line":7,"column":15},"end":{"line":7,"column":33}},"5":{"start":{"line":10,"column":0},"end":{"line":10,"column":27}},"6":{"start":{"line":13,"column":0},"end":{"line":24,"column":3}},"7":{"start":{"line":14,"column":2},"end":{"line":23,"column":3}},"8":{"start":{"line":15,"column":25},"end":{"line":18,"column":6}},"9":{"start":{"line":19,"column":4},"end":{"line":19,"column":27}},"10":{"start":{"line":21,"column":4},"end":{"line":21,"column":57}},"11":{"start":{"line":22,"column":4},"end":{"line":22,"column":68}},"12":{"start":{"line":27,"column":0},"end":{"line":46,"column":3}},"13":{"start":{"line":28,"column":2},"end":{"line":45,"column":3}},"14":{"start":{"line":29,"column":45},"end":{"line":29,"column":53}},"15":{"start":{"line":31,"column":24},"end":{"line":39,"column":6}},"16":{"start":{"line":41,"column":4},"end":{"line":41,"column":38}},"17":{"start":{"line":43,"column":4},"end":{"line":43,"column":56}},"18":{"start":{"line":44,"column":4},"end":{"line":44,"column":68}},"19":{"start":{"line":49,"column":0},"end":{"line":78,"column":3}},"20":{"start":{"line":50,"column":2},"end":{"line":77,"column":3}},"21":{"start":{"line":51,"column":19},"end":{"line":51,"column":29}},"22":{"start":{"line":52,"column":45},"end":{"line":52,"column":53}},"23":{"start":{"line":54,"column":17},"end":{"line":58,"column":5}},"24":{"start":{"line":61,"column":4},"end":{"line":63,"column":5}},"25":{"start":{"line":62,"column":6},"end":{"line":62,"column":33}},"26":{"start":{"line":65,"column":19},"end":{"line":71,"column":6}},"27":{"start":{"line":73,"column":4},"end":{"line":73,"column":21}},"28":{"start":{"line":75,"column":4},"end":{"line":75,"column":56}},"29":{"start":{"line":76,"column":4},"end":{"line":76,"column":68}},"30":{"start":{"line":81,"column":0},"end":{"line":97,"column":3}},"31":{"start":{"line":82,"column":2},"end":{"line":96,"column":3}},"32":{"start":{"line":83,"column":19},"end":{"line":83,"column":29}},"33":{"start":{"line":85,"column":4},"end":{"line":90,"column":7}},"34":{"start":{"line":92,"column":4},"end":{"line":92,"column":49}},"35":{"start":{"line":94,"column":4},"end":{"line":94,"column":56}},"36":{"start":{"line":95,"column":4},"end":{"line":95,"column":68}},"37":{"start":{"line":99,"column":0},"end":{"line":99,"column":24}}},"fnMap":{"0":{"name":"(anonymous_0)","decl":{"start":{"line":13,"column":16},"end":{"line":13,"column":17}},"loc":{"start":{"line":13,"column":36},"end":{"line":24,"column":1}},"line":13},"1":{"name":"(anonymous_1)","decl":{"start":{"line":27,"column":17},"end":{"line":27,"column":18}},"loc":{"start":{"line":27,"column":37},"end":{"line":46,"column":1}},"line":27},"2":{"name":"(anonymous_2)","decl":{"start":{"line":49,"column":19},"end":{"line":49,"column":20}},"loc":{"start":{"line":49,"column":39},"end":{"line":78,"column":1}},"line":49},"3":{"name":"(anonymous_3)","decl":{"start":{"line":81,"column":22},"end":{"line":81,"column":23}},"loc":{"start":{"line":81,"column":42},"end":{"line":97,"column":1}},"line":81}},"branchMap":{"0":{"loc":{"start":{"line":35,"column":18},"end":{"line":35,"column":39}},"type":"binary-expr","locations":[{"start":{"line":35,"column":18},"end":{"line":35,"column":26}},{"start":{"line":35,"column":30},"end":{"line":35,"column":39}}],"line":35},"1":{"loc":{"start":{"line":36,"column":14},"end":{"line":36,"column":48}},"type":"cond-expr","locations":[{"start":{"line":36,"column":21},"end":{"line":36,"column":35}},{"start":{"line":36,"column":38},"end":{"line":36,"column":48}}],"line":36},"2":{"loc":{"start":{"line":57,"column":16},"end":{"line":57,"column":37}},"type":"binary-expr","locations":[{"start":{"line":57,"column":16},"end":{"line":57,"column":24}},{"start":{"line":57,"column":28},"end":{"line":57,"column":37}}],"line":57},"3":{"loc":{"start":{"line":61,"column":4},"end":{"line":63,"column":5}},"type":"if","locations":[{"start":{"line":61,"column":4},"end":{"line":63,"column":5}},{"start":{},"end":{}}],"line":61}},"s":{"0":0,"1":0,"2":0,"3":0,"4":0,"5":0,"6":0,"7":0,"8":0,"9":0,"10":0,"11":0,"12":0,"13":0,"14":0,"15":0,"16":0,"17":0,"18":0,"19":0,"20":0,"21":0,"22":0,"23":0,"24":0,"25":0,"26":0,"27":0,"28":0,"29":0,"30":0,"31":0,"32":0,"33":0,"34":0,"35":0,"36":0,"37":0},"f":{"0":0,"1":0,"2":0,"3":0},"b":{"0":[0,0],"1":[0,0],"2":[0,0],"3":[0,0]}}
,"C:\\Users\\manso\\expense-tracker\\server\\routes\\middleware\\auth.js": {"path":"C:\\Users\\manso\\expense-tracker\\server\\routes\\middleware\\auth.js","statementMap":{"0":{"start":{"line":1,"column":12},"end":{"line":1,"column":35}},"1":{"start":{"line":7,"column":23},"end":{"line":39,"column":1}},"2":{"start":{"line":8,"column":2},"end":{"line":38,"column":3}},"3":{"start":{"line":9,"column":23},"end":{"line":9,"column":48}},"4":{"start":{"line":11,"column":4},"end":{"line":13,"column":5}},"5":{"start":{"line":12,"column":6},"end":{"line":12,"column":81}},"6":{"start":{"line":15,"column":18},"end":{"line":15,"column":39}},"7":{"start":{"line":17,"column":4},"end":{"line":19,"column":5}},"8":{"start":{"line":18,"column":6},"end":{"line":18,"column":105}},"9":{"start":{"line":21,"column":18},"end":{"line":21,"column":26}},"10":{"start":{"line":23,"column":20},"end":{"line":26,"column":5}},"11":{"start":{"line":28,"column":4},"end":{"line":28,"column":23}},"12":{"start":{"line":29,"column":4},"end":{"line":29,"column":11}},"13":{"start":{"line":31,"column":4},"end":{"line":33,"column":5}},"14":{"start":{"line":32,"column":6},"end":{"line":32,"column":66}},"15":{"start":{"line":34,"column":4},"end":{"line":36,"column":5}},"16":{"start":{"line":35,"column":6},"end":{"line":35,"column":62}},"17":{"start":{"line":37,"column":4},"end":{"line":37,"column":68}},"18":{"start":{"line":41,"column":0},"end":{"line":41,"column":32}}},"fnMap":{"0":{"name":"(anonymous_0)","decl":{"start":{"line":7,"column":23},"end":{"line":7,"column":24}},"loc":{"start":{"line":7,"column":43},"end":{"line":39,"column":1}},"line":7}},"branchMap":{"0":{"loc":{"start":{"line":11,"column":4},"end":{"line":13,"column":5}},"type":"if","locations":[{"start":{"line":11,"column":4},"end":{"line":13,"column":5}},{"start":{},"end":{}}],"line":11},"1":{"loc":{"start":{"line":17,"column":4},"end":{"line":19,"column":5}},"type":"if","locations":[{"start":{"line":17,"column":4},"end":{"line":19,"column":5}},{"start":{},"end":{}}],"line":17},"2":{"loc":{"start":{"line":17,"column":8},"end":{"line":17,"column":51}},"type":"binary-expr","locations":[{"start":{"line":17,"column":8},"end":{"line":17,"column":26}},{"start":{"line":17,"column":30},"end":{"line":17,"column":51}}],"line":17},"3":{"loc":{"start":{"line":25,"column":6},"end":{"line":25,"column":49}},"type":"binary-expr","locations":[{"start":{"line":25,"column":6},"end":{"line":25,"column":28}},{"start":{"line":25,"column":32},"end":{"line":25,"column":49}}],"line":25},"4":{"loc":{"start":{"line":31,"column":4},"end":{"line":33,"column":5}},"type":"if","locations":[{"start":{"line":31,"column":4},"end":{"line":33,"column":5}},{"start":{},"end":{}}],"line":31},"5":{"loc":{"start":{"line":34,"column":4},"end":{"line":36,"column":5}},"type":"if","locations":[{"start":{"line":34,"column":4},"end":{"line":36,"column":5}},{"start":{},"end":{}}],"line":34}},"s":{"0":0,"1":0,"2":0,"3":0,"4":0,"5":0,"6":0,"7":0,"8":0,"9":0,"10":0,"11":0,"12":0,"13":0,"14":0,"15":0,"16":0,"17":0,"18":0},"f":{"0":0},"b":{"0":[0,0],"1":[0,0],"2":[0,0],"3":[0,0],"4":[0,0],"5":[0,0]}}
}
